-------------------------------------------------------------------------------
Test set: com.epam.cdp.mbank.core.db.dao.AccountDaoTest
-------------------------------------------------------------------------------
Tests run: 3, Failures: 0, Errors: 3, Skipped: 0, Time elapsed: 2.433 sec <<< FAILURE!
remove(com.epam.cdp.mbank.core.db.dao.AccountDaoTest)  Time elapsed: 1.87 sec  <<< ERROR!
java.lang.UnsupportedOperationException: Not supported by BasicDataSource
	at org.apache.commons.dbcp.BasicDataSource.getConnection(BasicDataSource.java:899)
	at org.hibernate.ejb.connection.InjectedDataSourceConnectionProvider.getConnection(InjectedDataSourceConnectionProvider.java:68)
	at org.hibernate.tool.hbm2ddl.SuppliedConnectionProviderConnectionHelper.prepare(SuppliedConnectionProviderConnectionHelper.java:51)
	at org.hibernate.tool.hbm2ddl.SchemaValidator.validate(SchemaValidator.java:130)
	at org.hibernate.impl.SessionFactoryImpl.<init>(SessionFactoryImpl.java:378)
	at org.hibernate.cfg.Configuration.buildSessionFactory(Configuration.java:1872)
	at org.hibernate.ejb.Ejb3Configuration.buildEntityManagerFactory(Ejb3Configuration.java:906)
	at org.unitils.orm.jpa.util.provider.hibernate.UnitilsHibernatePersistenceProvider.createContainerEntityManagerFactory(UnitilsHibernatePersistenceProvider.java:48)
	at org.springframework.orm.jpa.LocalContainerEntityManagerFactoryBean.createNativeEntityManagerFactory(LocalContainerEntityManagerFactoryBean.java:257)
	at org.springframework.orm.jpa.AbstractEntityManagerFactoryBean.afterPropertiesSet(AbstractEntityManagerFactoryBean.java:310)
	at org.unitils.orm.jpa.util.JpaEntityManagerFactoryLoader.createEntityManagerFactoryBean(JpaEntityManagerFactoryLoader.java:77)
	at org.unitils.orm.jpa.util.JpaEntityManagerFactoryLoader.getConfiguredOrmPersistenceUnit(JpaEntityManagerFactoryLoader.java:44)
	at org.unitils.orm.jpa.util.JpaEntityManagerFactoryLoader.getConfiguredOrmPersistenceUnit(JpaEntityManagerFactoryLoader.java:40)
	at org.unitils.orm.common.OrmModule.getConfiguredPersistenceUnit(OrmModule.java:181)
	at org.unitils.orm.common.OrmModule.getPersistenceUnit(OrmModule.java:136)
	at org.unitils.orm.jpa.JpaModule.doGetPersistenceContext(JpaModule.java:172)
	at org.unitils.orm.jpa.JpaModule.doGetPersistenceContext(JpaModule.java:76)
	at org.unitils.orm.common.OrmModule.getPersistenceContext(OrmModule.java:232)
	at org.unitils.orm.jpa.JpaModule.injectEntityManager(JpaModule.java:265)
	at org.unitils.orm.jpa.JpaModule.injectJpaResourcesInto(JpaModule.java:228)
	at org.unitils.orm.jpa.JpaModule.injectJpaResourcesIntoTestObject(JpaModule.java:214)
	at org.unitils.orm.jpa.JpaModule$JpaTestListener.beforeTestSetUp(JpaModule.java:295)
	at org.unitils.core.Unitils$UnitilsTestListener.beforeTestSetUp(Unitils.java:273)
	at org.unitils.UnitilsJUnit4TestClassRunner$TestListenerInvokingMethodRoadie.runBeforesThenTestThenAfters(UnitilsJUnit4TestClassRunner.java:151)
	at org.junit.internal.runners.MethodRoadie.runTest(MethodRoadie.java:77)
	at org.junit.internal.runners.MethodRoadie.run(MethodRoadie.java:42)
	at org.unitils.UnitilsJUnit4TestClassRunner.invokeTestMethod(UnitilsJUnit4TestClassRunner.java:95)
	at org.junit.internal.runners.JUnit4ClassRunner.runMethods(JUnit4ClassRunner.java:51)
	at org.unitils.UnitilsJUnit4TestClassRunner.access$000(UnitilsJUnit4TestClassRunner.java:44)
	at org.unitils.UnitilsJUnit4TestClassRunner$1.run(UnitilsJUnit4TestClassRunner.java:62)
	at org.junit.internal.runners.ClassRoadie.runUnprotected(ClassRoadie.java:27)
	at org.junit.internal.runners.ClassRoadie.runProtected(ClassRoadie.java:37)
	at org.unitils.UnitilsJUnit4TestClassRunner.run(UnitilsJUnit4TestClassRunner.java:68)
	at org.apache.maven.surefire.junit4.JUnit4TestSet.execute(JUnit4TestSet.java:35)
	at org.apache.maven.surefire.junit4.JUnit4Provider.executeTestSet(JUnit4Provider.java:146)
	at org.apache.maven.surefire.junit4.JUnit4Provider.invoke(JUnit4Provider.java:97)
	at sun.reflect.NativeMethodAccessorImpl.invoke0(Native Method)
	at sun.reflect.NativeMethodAccessorImpl.invoke(NativeMethodAccessorImpl.java:39)
	at sun.reflect.DelegatingMethodAccessorImpl.invoke(DelegatingMethodAccessorImpl.java:25)
	at java.lang.reflect.Method.invoke(Method.java:597)
	at org.apache.maven.surefire.booter.ProviderFactory$ClassLoaderProxy.invoke(ProviderFactory.java:103)
	at $Proxy0.invoke(Unknown Source)
	at org.apache.maven.surefire.booter.SurefireStarter.invokeProvider(SurefireStarter.java:145)
	at org.apache.maven.surefire.booter.SurefireStarter.runSuitesInProcess(SurefireStarter.java:87)
	at org.apache.maven.surefire.booter.ForkedBooter.main(ForkedBooter.java:69)

save(com.epam.cdp.mbank.core.db.dao.AccountDaoTest)  Time elapsed: 0.13 sec  <<< ERROR!
java.lang.UnsupportedOperationException: Not supported by BasicDataSource
	at org.apache.commons.dbcp.BasicDataSource.getConnection(BasicDataSource.java:899)
	at org.hibernate.ejb.connection.InjectedDataSourceConnectionProvider.getConnection(InjectedDataSourceConnectionProvider.java:68)
	at org.hibernate.tool.hbm2ddl.SuppliedConnectionProviderConnectionHelper.prepare(SuppliedConnectionProviderConnectionHelper.java:51)
	at org.hibernate.tool.hbm2ddl.SchemaValidator.validate(SchemaValidator.java:130)
	at org.hibernate.impl.SessionFactoryImpl.<init>(SessionFactoryImpl.java:378)
	at org.hibernate.cfg.Configuration.buildSessionFactory(Configuration.java:1872)
	at org.hibernate.ejb.Ejb3Configuration.buildEntityManagerFactory(Ejb3Configuration.java:906)
	at org.unitils.orm.jpa.util.provider.hibernate.UnitilsHibernatePersistenceProvider.createContainerEntityManagerFactory(UnitilsHibernatePersistenceProvider.java:48)
	at org.springframework.orm.jpa.LocalContainerEntityManagerFactoryBean.createNativeEntityManagerFactory(LocalContainerEntityManagerFactoryBean.java:257)
	at org.springframework.orm.jpa.AbstractEntityManagerFactoryBean.afterPropertiesSet(AbstractEntityManagerFactoryBean.java:310)
	at org.unitils.orm.jpa.util.JpaEntityManagerFactoryLoader.createEntityManagerFactoryBean(JpaEntityManagerFactoryLoader.java:77)
	at org.unitils.orm.jpa.util.JpaEntityManagerFactoryLoader.getConfiguredOrmPersistenceUnit(JpaEntityManagerFactoryLoader.java:44)
	at org.unitils.orm.jpa.util.JpaEntityManagerFactoryLoader.getConfiguredOrmPersistenceUnit(JpaEntityManagerFactoryLoader.java:40)
	at org.unitils.orm.common.OrmModule.getConfiguredPersistenceUnit(OrmModule.java:181)
	at org.unitils.orm.common.OrmModule.getPersistenceUnit(OrmModule.java:136)
	at org.unitils.orm.jpa.JpaModule.doGetPersistenceContext(JpaModule.java:172)
	at org.unitils.orm.jpa.JpaModule.doGetPersistenceContext(JpaModule.java:76)
	at org.unitils.orm.common.OrmModule.getPersistenceContext(OrmModule.java:232)
	at org.unitils.orm.jpa.JpaModule.injectEntityManager(JpaModule.java:265)
	at org.unitils.orm.jpa.JpaModule.injectJpaResourcesInto(JpaModule.java:228)
	at org.unitils.orm.jpa.JpaModule.injectJpaResourcesIntoTestObject(JpaModule.java:214)
	at org.unitils.orm.jpa.JpaModule$JpaTestListener.beforeTestSetUp(JpaModule.java:295)
	at org.unitils.core.Unitils$UnitilsTestListener.beforeTestSetUp(Unitils.java:273)
	at org.unitils.UnitilsJUnit4TestClassRunner$TestListenerInvokingMethodRoadie.runBeforesThenTestThenAfters(UnitilsJUnit4TestClassRunner.java:151)
	at org.junit.internal.runners.MethodRoadie.runTest(MethodRoadie.java:77)
	at org.junit.internal.runners.MethodRoadie.run(MethodRoadie.java:42)
	at org.unitils.UnitilsJUnit4TestClassRunner.invokeTestMethod(UnitilsJUnit4TestClassRunner.java:95)
	at org.junit.internal.runners.JUnit4ClassRunner.runMethods(JUnit4ClassRunner.java:51)
	at org.unitils.UnitilsJUnit4TestClassRunner.access$000(UnitilsJUnit4TestClassRunner.java:44)
	at org.unitils.UnitilsJUnit4TestClassRunner$1.run(UnitilsJUnit4TestClassRunner.java:62)
	at org.junit.internal.runners.ClassRoadie.runUnprotected(ClassRoadie.java:27)
	at org.junit.internal.runners.ClassRoadie.runProtected(ClassRoadie.java:37)
	at org.unitils.UnitilsJUnit4TestClassRunner.run(UnitilsJUnit4TestClassRunner.java:68)
	at org.apache.maven.surefire.junit4.JUnit4TestSet.execute(JUnit4TestSet.java:35)
	at org.apache.maven.surefire.junit4.JUnit4Provider.executeTestSet(JUnit4Provider.java:146)
	at org.apache.maven.surefire.junit4.JUnit4Provider.invoke(JUnit4Provider.java:97)
	at sun.reflect.NativeMethodAccessorImpl.invoke0(Native Method)
	at sun.reflect.NativeMethodAccessorImpl.invoke(NativeMethodAccessorImpl.java:39)
	at sun.reflect.DelegatingMethodAccessorImpl.invoke(DelegatingMethodAccessorImpl.java:25)
	at java.lang.reflect.Method.invoke(Method.java:597)
	at org.apache.maven.surefire.booter.ProviderFactory$ClassLoaderProxy.invoke(ProviderFactory.java:103)
	at $Proxy0.invoke(Unknown Source)
	at org.apache.maven.surefire.booter.SurefireStarter.invokeProvider(SurefireStarter.java:145)
	at org.apache.maven.surefire.booter.SurefireStarter.runSuitesInProcess(SurefireStarter.java:87)
	at org.apache.maven.surefire.booter.ForkedBooter.main(ForkedBooter.java:69)

getAll(com.epam.cdp.mbank.core.db.dao.AccountDaoTest)  Time elapsed: 0.137 sec  <<< ERROR!
java.lang.UnsupportedOperationException: Not supported by BasicDataSource
	at org.apache.commons.dbcp.BasicDataSource.getConnection(BasicDataSource.java:899)
	at org.hibernate.ejb.connection.InjectedDataSourceConnectionProvider.getConnection(InjectedDataSourceConnectionProvider.java:68)
	at org.hibernate.tool.hbm2ddl.SuppliedConnectionProviderConnectionHelper.prepare(SuppliedConnectionProviderConnectionHelper.java:51)
	at org.hibernate.tool.hbm2ddl.SchemaValidator.validate(SchemaValidator.java:130)
	at org.hibernate.impl.SessionFactoryImpl.<init>(SessionFactoryImpl.java:378)
	at org.hibernate.cfg.Configuration.buildSessionFactory(Configuration.java:1872)
	at org.hibernate.ejb.Ejb3Configuration.buildEntityManagerFactory(Ejb3Configuration.java:906)
	at org.unitils.orm.jpa.util.provider.hibernate.UnitilsHibernatePersistenceProvider.createContainerEntityManagerFactory(UnitilsHibernatePersistenceProvider.java:48)
	at org.springframework.orm.jpa.LocalContainerEntityManagerFactoryBean.createNativeEntityManagerFactory(LocalContainerEntityManagerFactoryBean.java:257)
	at org.springframework.orm.jpa.AbstractEntityManagerFactoryBean.afterPropertiesSet(AbstractEntityManagerFactoryBean.java:310)
	at org.unitils.orm.jpa.util.JpaEntityManagerFactoryLoader.createEntityManagerFactoryBean(JpaEntityManagerFactoryLoader.java:77)
	at org.unitils.orm.jpa.util.JpaEntityManagerFactoryLoader.getConfiguredOrmPersistenceUnit(JpaEntityManagerFactoryLoader.java:44)
	at org.unitils.orm.jpa.util.JpaEntityManagerFactoryLoader.getConfiguredOrmPersistenceUnit(JpaEntityManagerFactoryLoader.java:40)
	at org.unitils.orm.common.OrmModule.getConfiguredPersistenceUnit(OrmModule.java:181)
	at org.unitils.orm.common.OrmModule.getPersistenceUnit(OrmModule.java:136)
	at org.unitils.orm.jpa.JpaModule.doGetPersistenceContext(JpaModule.java:172)
	at org.unitils.orm.jpa.JpaModule.doGetPersistenceContext(JpaModule.java:76)
	at org.unitils.orm.common.OrmModule.getPersistenceContext(OrmModule.java:232)
	at org.unitils.orm.jpa.JpaModule.injectEntityManager(JpaModule.java:265)
	at org.unitils.orm.jpa.JpaModule.injectJpaResourcesInto(JpaModule.java:228)
	at org.unitils.orm.jpa.JpaModule.injectJpaResourcesIntoTestObject(JpaModule.java:214)
	at org.unitils.orm.jpa.JpaModule$JpaTestListener.beforeTestSetUp(JpaModule.java:295)
	at org.unitils.core.Unitils$UnitilsTestListener.beforeTestSetUp(Unitils.java:273)
	at org.unitils.UnitilsJUnit4TestClassRunner$TestListenerInvokingMethodRoadie.runBeforesThenTestThenAfters(UnitilsJUnit4TestClassRunner.java:151)
	at org.junit.internal.runners.MethodRoadie.runTest(MethodRoadie.java:77)
	at org.junit.internal.runners.MethodRoadie.run(MethodRoadie.java:42)
	at org.unitils.UnitilsJUnit4TestClassRunner.invokeTestMethod(UnitilsJUnit4TestClassRunner.java:95)
	at org.junit.internal.runners.JUnit4ClassRunner.runMethods(JUnit4ClassRunner.java:51)
	at org.unitils.UnitilsJUnit4TestClassRunner.access$000(UnitilsJUnit4TestClassRunner.java:44)
	at org.unitils.UnitilsJUnit4TestClassRunner$1.run(UnitilsJUnit4TestClassRunner.java:62)
	at org.junit.internal.runners.ClassRoadie.runUnprotected(ClassRoadie.java:27)
	at org.junit.internal.runners.ClassRoadie.runProtected(ClassRoadie.java:37)
	at org.unitils.UnitilsJUnit4TestClassRunner.run(UnitilsJUnit4TestClassRunner.java:68)
	at org.apache.maven.surefire.junit4.JUnit4TestSet.execute(JUnit4TestSet.java:35)
	at org.apache.maven.surefire.junit4.JUnit4Provider.executeTestSet(JUnit4Provider.java:146)
	at org.apache.maven.surefire.junit4.JUnit4Provider.invoke(JUnit4Provider.java:97)
	at sun.reflect.NativeMethodAccessorImpl.invoke0(Native Method)
	at sun.reflect.NativeMethodAccessorImpl.invoke(NativeMethodAccessorImpl.java:39)
	at sun.reflect.DelegatingMethodAccessorImpl.invoke(DelegatingMethodAccessorImpl.java:25)
	at java.lang.reflect.Method.invoke(Method.java:597)
	at org.apache.maven.surefire.booter.ProviderFactory$ClassLoaderProxy.invoke(ProviderFactory.java:103)
	at $Proxy0.invoke(Unknown Source)
	at org.apache.maven.surefire.booter.SurefireStarter.invokeProvider(SurefireStarter.java:145)
	at org.apache.maven.surefire.booter.SurefireStarter.runSuitesInProcess(SurefireStarter.java:87)
	at org.apache.maven.surefire.booter.ForkedBooter.main(ForkedBooter.java:69)

