-------------------------------------------------------------------------------
Test set: com.epam.cdp.mbank.core.db.dao.PropertyDaoTest
-------------------------------------------------------------------------------
Tests run: 3, Failures: 0, Errors: 3, Skipped: 0, Time elapsed: 0.116 sec <<< FAILURE!
remove(com.epam.cdp.mbank.core.db.dao.PropertyDaoTest)  Time elapsed: 0.028 sec  <<< ERROR!
java.lang.NullPointerException
	at com.epam.cdp.mbank.core.db.daoImpl.AbstractBaseDao.createNamedQuery(AbstractBaseDao.java:22)
	at com.epam.cdp.mbank.core.db.daoImpl.AbstractBaseDao.getAll(AbstractBaseDao.java:37)
	at com.epam.cdp.mbank.core.db.dao.PropertyDaoTest.remove(PropertyDaoTest.java:46)
	at sun.reflect.NativeMethodAccessorImpl.invoke0(Native Method)
	at sun.reflect.NativeMethodAccessorImpl.invoke(NativeMethodAccessorImpl.java:39)
	at sun.reflect.DelegatingMethodAccessorImpl.invoke(DelegatingMethodAccessorImpl.java:25)
	at java.lang.reflect.Method.invoke(Method.java:597)
	at org.junit.internal.runners.TestMethod.invoke(TestMethod.java:59)
	at org.junit.internal.runners.MethodRoadie.runTestMethod(MethodRoadie.java:98)
	at org.unitils.UnitilsJUnit4TestClassRunner$TestListenerInvokingMethodRoadie.runTestMethod(UnitilsJUnit4TestClassRunner.java:174)
	at org.junit.internal.runners.MethodRoadie$2.run(MethodRoadie.java:79)
	at org.junit.internal.runners.MethodRoadie.runBeforesThenTestThenAfters(MethodRoadie.java:87)
	at org.unitils.UnitilsJUnit4TestClassRunner$TestListenerInvokingMethodRoadie.runBeforesThenTestThenAfters(UnitilsJUnit4TestClassRunner.java:156)
	at org.junit.internal.runners.MethodRoadie.runTest(MethodRoadie.java:77)
	at org.junit.internal.runners.MethodRoadie.run(MethodRoadie.java:42)
	at org.unitils.UnitilsJUnit4TestClassRunner.invokeTestMethod(UnitilsJUnit4TestClassRunner.java:95)
	at org.junit.internal.runners.JUnit4ClassRunner.runMethods(JUnit4ClassRunner.java:51)
	at org.unitils.UnitilsJUnit4TestClassRunner.access$000(UnitilsJUnit4TestClassRunner.java:44)
	at org.unitils.UnitilsJUnit4TestClassRunner$1.run(UnitilsJUnit4TestClassRunner.java:62)
	at org.junit.internal.runners.ClassRoadie.runUnprotected(ClassRoadie.java:27)
	at org.junit.internal.runners.ClassRoadie.runProtected(ClassRoadie.java:37)
	at org.unitils.UnitilsJUnit4TestClassRunner.run(UnitilsJUnit4TestClassRunner.java:68)
	at org.apache.maven.surefire.junit4.JUnit4TestSet.execute(JUnit4TestSet.java:35)
	at org.apache.maven.surefire.junit4.JUnit4Provider.executeTestSet(JUnit4Provider.java:146)
	at org.apache.maven.surefire.junit4.JUnit4Provider.invoke(JUnit4Provider.java:97)
	at sun.reflect.NativeMethodAccessorImpl.invoke0(Native Method)
	at sun.reflect.NativeMethodAccessorImpl.invoke(NativeMethodAccessorImpl.java:39)
	at sun.reflect.DelegatingMethodAccessorImpl.invoke(DelegatingMethodAccessorImpl.java:25)
	at java.lang.reflect.Method.invoke(Method.java:597)
	at org.apache.maven.surefire.booter.ProviderFactory$ClassLoaderProxy.invoke(ProviderFactory.java:103)
	at $Proxy0.invoke(Unknown Source)
	at org.apache.maven.surefire.booter.SurefireStarter.invokeProvider(SurefireStarter.java:145)
	at org.apache.maven.surefire.booter.SurefireStarter.runSuitesInProcess(SurefireStarter.java:87)
	at org.apache.maven.surefire.booter.ForkedBooter.main(ForkedBooter.java:69)

save(com.epam.cdp.mbank.core.db.dao.PropertyDaoTest)  Time elapsed: 0.053 sec  <<< ERROR!
java.lang.NullPointerException
	at com.epam.cdp.mbank.core.db.daoImpl.AbstractBaseDao.save(AbstractBaseDao.java:42)
	at com.epam.cdp.mbank.core.db.dao.PropertyDaoTest.save(PropertyDaoTest.java:38)
	at sun.reflect.NativeMethodAccessorImpl.invoke0(Native Method)
	at sun.reflect.NativeMethodAccessorImpl.invoke(NativeMethodAccessorImpl.java:39)
	at sun.reflect.DelegatingMethodAccessorImpl.invoke(DelegatingMethodAccessorImpl.java:25)
	at java.lang.reflect.Method.invoke(Method.java:597)
	at org.junit.internal.runners.TestMethod.invoke(TestMethod.java:59)
	at org.junit.internal.runners.MethodRoadie.runTestMethod(MethodRoadie.java:98)
	at org.unitils.UnitilsJUnit4TestClassRunner$TestListenerInvokingMethodRoadie.runTestMethod(UnitilsJUnit4TestClassRunner.java:174)
	at org.junit.internal.runners.MethodRoadie$2.run(MethodRoadie.java:79)
	at org.junit.internal.runners.MethodRoadie.runBeforesThenTestThenAfters(MethodRoadie.java:87)
	at org.unitils.UnitilsJUnit4TestClassRunner$TestListenerInvokingMethodRoadie.runBeforesThenTestThenAfters(UnitilsJUnit4TestClassRunner.java:156)
	at org.junit.internal.runners.MethodRoadie.runTest(MethodRoadie.java:77)
	at org.junit.internal.runners.MethodRoadie.run(MethodRoadie.java:42)
	at org.unitils.UnitilsJUnit4TestClassRunner.invokeTestMethod(UnitilsJUnit4TestClassRunner.java:95)
	at org.junit.internal.runners.JUnit4ClassRunner.runMethods(JUnit4ClassRunner.java:51)
	at org.unitils.UnitilsJUnit4TestClassRunner.access$000(UnitilsJUnit4TestClassRunner.java:44)
	at org.unitils.UnitilsJUnit4TestClassRunner$1.run(UnitilsJUnit4TestClassRunner.java:62)
	at org.junit.internal.runners.ClassRoadie.runUnprotected(ClassRoadie.java:27)
	at org.junit.internal.runners.ClassRoadie.runProtected(ClassRoadie.java:37)
	at org.unitils.UnitilsJUnit4TestClassRunner.run(UnitilsJUnit4TestClassRunner.java:68)
	at org.apache.maven.surefire.junit4.JUnit4TestSet.execute(JUnit4TestSet.java:35)
	at org.apache.maven.surefire.junit4.JUnit4Provider.executeTestSet(JUnit4Provider.java:146)
	at org.apache.maven.surefire.junit4.JUnit4Provider.invoke(JUnit4Provider.java:97)
	at sun.reflect.NativeMethodAccessorImpl.invoke0(Native Method)
	at sun.reflect.NativeMethodAccessorImpl.invoke(NativeMethodAccessorImpl.java:39)
	at sun.reflect.DelegatingMethodAccessorImpl.invoke(DelegatingMethodAccessorImpl.java:25)
	at java.lang.reflect.Method.invoke(Method.java:597)
	at org.apache.maven.surefire.booter.ProviderFactory$ClassLoaderProxy.invoke(ProviderFactory.java:103)
	at $Proxy0.invoke(Unknown Source)
	at org.apache.maven.surefire.booter.SurefireStarter.invokeProvider(SurefireStarter.java:145)
	at org.apache.maven.surefire.booter.SurefireStarter.runSuitesInProcess(SurefireStarter.java:87)
	at org.apache.maven.surefire.booter.ForkedBooter.main(ForkedBooter.java:69)

getAll(com.epam.cdp.mbank.core.db.dao.PropertyDaoTest)  Time elapsed: 0.018 sec  <<< ERROR!
java.lang.NullPointerException
	at com.epam.cdp.mbank.core.db.daoImpl.AbstractBaseDao.createNamedQuery(AbstractBaseDao.java:22)
	at com.epam.cdp.mbank.core.db.daoImpl.AbstractBaseDao.getAll(AbstractBaseDao.java:37)
	at com.epam.cdp.mbank.core.db.dao.PropertyDaoTest.getAll(PropertyDaoTest.java:28)
	at sun.reflect.NativeMethodAccessorImpl.invoke0(Native Method)
	at sun.reflect.NativeMethodAccessorImpl.invoke(NativeMethodAccessorImpl.java:39)
	at sun.reflect.DelegatingMethodAccessorImpl.invoke(DelegatingMethodAccessorImpl.java:25)
	at java.lang.reflect.Method.invoke(Method.java:597)
	at org.junit.internal.runners.TestMethod.invoke(TestMethod.java:59)
	at org.junit.internal.runners.MethodRoadie.runTestMethod(MethodRoadie.java:98)
	at org.unitils.UnitilsJUnit4TestClassRunner$TestListenerInvokingMethodRoadie.runTestMethod(UnitilsJUnit4TestClassRunner.java:174)
	at org.junit.internal.runners.MethodRoadie$2.run(MethodRoadie.java:79)
	at org.junit.internal.runners.MethodRoadie.runBeforesThenTestThenAfters(MethodRoadie.java:87)
	at org.unitils.UnitilsJUnit4TestClassRunner$TestListenerInvokingMethodRoadie.runBeforesThenTestThenAfters(UnitilsJUnit4TestClassRunner.java:156)
	at org.junit.internal.runners.MethodRoadie.runTest(MethodRoadie.java:77)
	at org.junit.internal.runners.MethodRoadie.run(MethodRoadie.java:42)
	at org.unitils.UnitilsJUnit4TestClassRunner.invokeTestMethod(UnitilsJUnit4TestClassRunner.java:95)
	at org.junit.internal.runners.JUnit4ClassRunner.runMethods(JUnit4ClassRunner.java:51)
	at org.unitils.UnitilsJUnit4TestClassRunner.access$000(UnitilsJUnit4TestClassRunner.java:44)
	at org.unitils.UnitilsJUnit4TestClassRunner$1.run(UnitilsJUnit4TestClassRunner.java:62)
	at org.junit.internal.runners.ClassRoadie.runUnprotected(ClassRoadie.java:27)
	at org.junit.internal.runners.ClassRoadie.runProtected(ClassRoadie.java:37)
	at org.unitils.UnitilsJUnit4TestClassRunner.run(UnitilsJUnit4TestClassRunner.java:68)
	at org.apache.maven.surefire.junit4.JUnit4TestSet.execute(JUnit4TestSet.java:35)
	at org.apache.maven.surefire.junit4.JUnit4Provider.executeTestSet(JUnit4Provider.java:146)
	at org.apache.maven.surefire.junit4.JUnit4Provider.invoke(JUnit4Provider.java:97)
	at sun.reflect.NativeMethodAccessorImpl.invoke0(Native Method)
	at sun.reflect.NativeMethodAccessorImpl.invoke(NativeMethodAccessorImpl.java:39)
	at sun.reflect.DelegatingMethodAccessorImpl.invoke(DelegatingMethodAccessorImpl.java:25)
	at java.lang.reflect.Method.invoke(Method.java:597)
	at org.apache.maven.surefire.booter.ProviderFactory$ClassLoaderProxy.invoke(ProviderFactory.java:103)
	at $Proxy0.invoke(Unknown Source)
	at org.apache.maven.surefire.booter.SurefireStarter.invokeProvider(SurefireStarter.java:145)
	at org.apache.maven.surefire.booter.SurefireStarter.runSuitesInProcess(SurefireStarter.java:87)
	at org.apache.maven.surefire.booter.ForkedBooter.main(ForkedBooter.java:69)

